\BOOKMARK [0][-]{chapter.1}{\376\377\127\337}{}% 1
\BOOKMARK [1][-]{section.1.1}{\376\377\127\337\166\204\133\232\116\111}{chapter.1}% 2
\BOOKMARK [2][-]{subsection.1.1.1}{\376\377\127\337}{section.1.1}% 3
\BOOKMARK [2][-]{subsection.1.1.2}{\376\377\127\337\166\204\140\047\215\050}{section.1.1}% 4
\BOOKMARK [1][-]{section.1.2}{\376\377\127\337\166\204\124\014\140\001}{chapter.1}% 5
\BOOKMARK [1][-]{section.1.3}{\376\377\127\337\166\204\162\171\137\201}{chapter.1}% 6
\BOOKMARK [2][-]{subsection.1.3.1}{\376\377\127\337\166\204\162\171\137\201\166\204\133\232\116\111}{section.1.3}% 7
\BOOKMARK [2][-]{subsection.1.3.2}{\376\377\127\337\166\204\162\171\137\201\166\204\140\047\215\050}{section.1.3}% 8
\BOOKMARK [1][-]{section.1.4}{\376\377\127\337\166\204\142\151\137\040}{chapter.1}% 9
\BOOKMARK [2][-]{subsection.1.4.1}{\376\377\127\337\166\204\142\151\137\040\166\204\133\232\116\111}{section.1.4}% 10
\BOOKMARK [2][-]{subsection.1.4.2}{\376\377\147\011\226\120\142\151\137\040}{section.1.4}% 11
\BOOKMARK [2][-]{subsection.1.4.3}{\376\377\147\011\226\120\165\037\142\020\142\151\137\040}{section.1.4}% 12
\BOOKMARK [2][-]{subsection.1.4.4}{\376\377\116\343\145\160\142\151\137\040}{section.1.4}% 13
\BOOKMARK [1][-]{section.1.5}{\376\377\116\343\145\160\225\355\123\005}{chapter.1}% 14
\BOOKMARK [0][-]{chapter.2}{\376\377\163\257\060\001\152\041}{}% 15
\BOOKMARK [1][-]{section.2.1}{\376\377\163\257\166\204\133\232\116\111}{chapter.2}% 16
\BOOKMARK [2][-]{subsection.2.1.1}{\376\377\163\257\166\204\133\232\116\111}{section.2.1}% 17
\BOOKMARK [2][-]{subsection.2.1.2}{\376\377\163\257\166\204\140\047\215\050}{section.2.1}% 18
\BOOKMARK [2][-]{subsection.2.1.3}{\376\377\145\164\163\257}{section.2.1}% 19
\BOOKMARK [2][-]{subsection.2.1.4}{\376\377\133\120\163\257}{section.2.1}% 20
\BOOKMARK [1][-]{section.2.2}{\376\377\163\257\166\204\124\014\140\001}{chapter.2}% 21
\BOOKMARK [2][-]{subsection.2.2.1}{\376\377\133\232\116\111}{section.2.2}% 22
\BOOKMARK [2][-]{subsection.2.2.2}{\376\377\124\014\140\001\166\204\140\047\215\050}{section.2.2}% 23
\BOOKMARK [2][-]{subsection.2.2.3}{\376\377\124\014\140\001\166\204\150\070\060\001\120\317}{section.2.2}% 24
\BOOKMARK [1][-]{section.2.3}{\376\377\163\257\166\204\164\006\140\363}{chapter.2}% 25
\BOOKMARK [2][-]{subsection.2.3.1}{\376\377\164\006\140\363\166\204\133\232\116\111}{section.2.3}% 26
\BOOKMARK [2][-]{subsection.2.3.2}{\376\377\164\006\140\363\166\204\140\047\215\050}{section.2.3}% 27
\BOOKMARK [1][-]{section.2.4}{\376\377\125\106\163\257}{chapter.2}% 28
\BOOKMARK [2][-]{subsection.2.4.1}{\376\377\125\106\163\257\166\204\133\232\116\111}{section.2.4}% 29
\BOOKMARK [1][-]{section.2.5}{\376\377\124\014\140\001\127\372\147\054\133\232\164\006}{chapter.2}% 30
\BOOKMARK [2][-]{subsection.2.5.1}{\376\377\124\014\140\001\127\372\147\054\133\232\164\006}{section.2.5}% 31
\BOOKMARK [2][-]{subsection.2.5.2}{\376\377\124\014\147\204\127\372\147\054\133\232\164\006}{section.2.5}% 32
\BOOKMARK [1][-]{section.2.6}{\376\377\152\041}{chapter.2}% 33
\BOOKMARK [2][-]{subsection.2.6.1}{\376\377\152\041\166\204\133\232\116\111}{section.2.6}% 34
\BOOKMARK [2][-]{subsection.2.6.2}{\376\377\152\041\166\204\124\014\140\001}{section.2.6}% 35
\BOOKMARK [2][-]{subsection.2.6.3}{\376\377\125\106\152\041}{section.2.6}% 36
\BOOKMARK [0][-]{chapter.3}{\376\377\000G\000a\000l\000o\000i\000s\164\006\213\272}{}% 37
\BOOKMARK [1][-]{section.3.1}{\376\377\000G\000a\000l\000o\000i\000s\177\244}{chapter.3}% 38
\BOOKMARK [0][-]{chapter.4}{\376\377\226\104\137\125}{}% 39
\BOOKMARK [1][-]{section.4.1}{\376\377\116\000\116\233\121\170\127\213\166\204\127\337}{chapter.4}% 40
\BOOKMARK [2][-]{subsection.4.1.1}{\376\377\000F\000p}{section.4.1}% 41
\BOOKMARK [2][-]{subsection.4.1.2}{\376\377\000Q}{section.4.1}% 42
