\BOOKMARK [0][-]{chapter.1}{\376\377\163\257\060\001\152\041}{}% 1
\BOOKMARK [1][-]{section.1.1}{\376\377\163\257\166\204\133\232\116\111}{chapter.1}% 2
\BOOKMARK [2][-]{subsection.1.1.1}{\376\377\163\257\166\204\133\232\116\111}{section.1.1}% 3
\BOOKMARK [2][-]{subsection.1.1.2}{\376\377\163\257\166\204\140\047\215\050}{section.1.1}% 4
\BOOKMARK [2][-]{subsection.1.1.3}{\376\377\145\164\163\257}{section.1.1}% 5
\BOOKMARK [2][-]{subsection.1.1.4}{\376\377\133\120\163\257}{section.1.1}% 6
\BOOKMARK [1][-]{section.1.2}{\376\377\163\257\166\204\124\014\140\001}{chapter.1}% 7
\BOOKMARK [2][-]{subsection.1.2.1}{\376\377\133\232\116\111}{section.1.2}% 8
\BOOKMARK [2][-]{subsection.1.2.2}{\376\377\124\014\140\001\166\204\150\070\060\001\120\317}{section.1.2}% 9
\BOOKMARK [1][-]{section.1.3}{\376\377\163\257\166\204\164\006\140\363}{chapter.1}% 10
\BOOKMARK [2][-]{subsection.1.3.1}{\376\377\164\006\140\363\166\204\133\232\116\111}{section.1.3}% 11
\BOOKMARK [2][-]{subsection.1.3.2}{\376\377\164\006\140\363\166\204\140\047\215\050}{section.1.3}% 12
\BOOKMARK [1][-]{section.1.4}{\376\377\125\106\163\257}{chapter.1}% 13
\BOOKMARK [2][-]{subsection.1.4.1}{\376\377\125\106\163\257\166\204\133\232\116\111}{section.1.4}% 14
\BOOKMARK [1][-]{section.1.5}{\376\377\124\014\140\001\127\372\147\054\133\232\164\006}{chapter.1}% 15
\BOOKMARK [2][-]{subsection.1.5.1}{\376\377\124\014\140\001\127\372\147\054\133\232\164\006}{section.1.5}% 16
\BOOKMARK [1][-]{section.1.6}{\376\377\152\041}{chapter.1}% 17
\BOOKMARK [2][-]{subsection.1.6.1}{\376\377\152\041\166\204\133\232\116\111}{section.1.6}% 18
\BOOKMARK [2][-]{subsection.1.6.2}{\376\377\152\041\166\204\124\014\140\001}{section.1.6}% 19
\BOOKMARK [2][-]{subsection.1.6.3}{\376\377\125\106\152\041}{section.1.6}% 20
